<?xml version="1.0" encoding="UTF-8"?>
<testng-results ignored="1" total="3" passed="1" failed="1" skipped="0">
  <reporter-output>
    <line>
      <![CDATA[Test Data is ::[UserName=Shivya, expectedTitle=BP Travel - Search, Password=Shivya]]]>
    </line>
    <line>
      <![CDATA[Value entered in input box is :: Shivya]]>
    </line>
    <line>
      <![CDATA[Value entered in input box is :: Shivya]]>
    </line>
    <line>
      <![CDATA[Element is clicked]]>
    </line>
    <line>
      <![CDATA[Actual Page Title is :: BP Travel - Search]]>
    </line>
    <line>
      <![CDATA[Home page title matched]]>
    </line>
    <line>
      <![CDATA[Browser is Closed]]>
    </line>
    <line>
      <![CDATA[Test Data is ::[UserName=admin, expectedTitle=Please enter a valid user name and password Bala, Password=bala]]]>
    </line>
    <line>
      <![CDATA[Value entered in input box is :: admin]]>
    </line>
    <line>
      <![CDATA[Value entered in input box is :: bala]]>
    </line>
    <line>
      <![CDATA[Element is clicked]]>
    </line>
    <line>
      <![CDATA[Actual text from ele is :: Please enter a valid user name and password]]>
    </line>
    <line>
      <![CDATA[Error message is not matched]]>
    </line>
    <line>
      <![CDATA[Browser is Closed]]>
    </line>
  </reporter-output>
  <suite started-at="2025-03-13T06:45:12 IST" name="Suite" finished-at="2025-03-13T06:45:50 IST" duration-ms="37748">
    <groups>
    </groups>
    <test started-at="2025-03-13T06:45:12 IST" name="Test" finished-at="2025-03-13T06:45:50 IST" duration-ms="37748">
      <class name="tests.LoginTest">
        <test-method is-config="true" signature="beforeSuite()[pri:0, instance:tests.LoginTest@5656be13]" started-at="2025-03-13T06:45:12 IST" name="beforeSuite" finished-at="2025-03-13T06:45:12 IST" duration-ms="208" status="PASS">
          <reporter-output>
          </reporter-output>
        </test-method> <!-- beforeSuite -->
        <test-method is-config="true" signature="beforeMethod()[pri:0, instance:tests.LoginTest@5656be13]" started-at="2025-03-13T06:45:12 IST" name="beforeMethod" finished-at="2025-03-13T06:45:15 IST" duration-ms="3556" status="PASS">
          <reporter-output>
          </reporter-output>
        </test-method> <!-- beforeMethod -->
        <test-method signature="verifyLoginWithValidCredentials()[pri:1, instance:tests.LoginTest@5656be13]" started-at="2025-03-13T06:45:15 IST" name="verifyLoginWithValidCredentials" finished-at="2025-03-13T06:45:47 IST" duration-ms="31090" status="PASS">
          <reporter-output>
            <line>
              <![CDATA[Test Data is ::[UserName=Shivya, expectedTitle=BP Travel - Search, Password=Shivya]]]>
            </line>
            <line>
              <![CDATA[Value entered in input box is :: Shivya]]>
            </line>
            <line>
              <![CDATA[Value entered in input box is :: Shivya]]>
            </line>
            <line>
              <![CDATA[Element is clicked]]>
            </line>
            <line>
              <![CDATA[Actual Page Title is :: BP Travel - Search]]>
            </line>
            <line>
              <![CDATA[Home page title matched]]>
            </line>
          </reporter-output>
        </test-method> <!-- verifyLoginWithValidCredentials -->
        <test-method is-config="true" signature="afterMethod()[pri:0, instance:tests.LoginTest@5656be13]" started-at="2025-03-13T06:45:47 IST" name="afterMethod" finished-at="2025-03-13T06:45:47 IST" duration-ms="153" status="PASS">
          <reporter-output>
            <line>
              <![CDATA[Browser is Closed]]>
            </line>
          </reporter-output>
        </test-method> <!-- afterMethod -->
        <test-method is-config="true" signature="beforeMethod()[pri:0, instance:tests.LoginTest@5656be13]" started-at="2025-03-13T06:45:47 IST" name="beforeMethod" finished-at="2025-03-13T06:45:49 IST" duration-ms="2551" status="PASS">
          <reporter-output>
          </reporter-output>
        </test-method> <!-- beforeMethod -->
        <test-method signature="verifyLoginWithInValidUserNameAndPassword()[pri:2, instance:tests.LoginTest@5656be13]" started-at="2025-03-13T06:45:49 IST" name="verifyLoginWithInValidUserNameAndPassword" finished-at="2025-03-13T06:45:49 IST" duration-ms="254" status="FAIL">
          <exception class="java.lang.AssertionError">
            <message>
              <![CDATA[The following asserts failed:
null]]>
            </message>
            <full-stacktrace>
              <![CDATA[java.lang.AssertionError: The following asserts failed:
null
at org.testng.asserts.SoftAssert.assertAll(SoftAssert.java:47)
at org.testng.asserts.SoftAssert.assertAll(SoftAssert.java:31)
at tests.LoginTest.verifyLoginWithInValidUserNameAndPassword(LoginTest.java:24)
at java.base/jdk.internal.reflect.DirectMethodHandleAccessor.invoke(DirectMethodHandleAccessor.java:103)
at java.base/java.lang.reflect.Method.invoke(Method.java:580)
at org.testng.internal.MethodInvocationHelper.invokeMethod(MethodInvocationHelper.java:133)
at org.testng.internal.TestInvoker.invokeMethod(TestInvoker.java:598)
at org.testng.internal.TestInvoker.invokeTestMethod(TestInvoker.java:173)
at org.testng.internal.MethodRunner.runInSequence(MethodRunner.java:46)
at org.testng.internal.TestInvoker$MethodInvocationAgent.invoke(TestInvoker.java:824)
at org.testng.internal.TestInvoker.invokeTestMethods(TestInvoker.java:146)
at org.testng.internal.TestMethodWorker.invokeTestMethods(TestMethodWorker.java:146)
at org.testng.internal.TestMethodWorker.run(TestMethodWorker.java:128)
at java.base/java.util.ArrayList.forEach(ArrayList.java:1597)
at org.testng.TestRunner.privateRun(TestRunner.java:794)
at org.testng.TestRunner.run(TestRunner.java:596)
at org.testng.SuiteRunner.runTest(SuiteRunner.java:377)
at org.testng.SuiteRunner.runSequentially(SuiteRunner.java:371)
at org.testng.SuiteRunner.privateRun(SuiteRunner.java:332)
at org.testng.SuiteRunner.run(SuiteRunner.java:276)
at org.testng.SuiteRunnerWorker.runSuite(SuiteRunnerWorker.java:53)
at org.testng.SuiteRunnerWorker.run(SuiteRunnerWorker.java:96)
at org.testng.TestNG.runSuitesSequentially(TestNG.java:1212)
at org.testng.TestNG.runSuitesLocally(TestNG.java:1134)
at org.testng.TestNG.runSuites(TestNG.java:1063)
at org.testng.TestNG.run(TestNG.java:1031)
at org.testng.remote.AbstractRemoteTestNG.run(AbstractRemoteTestNG.java:115)
at org.testng.remote.RemoteTestNG.initAndRun(RemoteTestNG.java:293)
at org.testng.remote.RemoteTestNG.main(RemoteTestNG.java:91)
]]>
            </full-stacktrace>
          </exception> <!-- java.lang.AssertionError -->
          <reporter-output>
            <line>
              <![CDATA[Test Data is ::[UserName=admin, expectedTitle=Please enter a valid user name and password Bala, Password=bala]]]>
            </line>
            <line>
              <![CDATA[Value entered in input box is :: admin]]>
            </line>
            <line>
              <![CDATA[Value entered in input box is :: bala]]>
            </line>
            <line>
              <![CDATA[Element is clicked]]>
            </line>
            <line>
              <![CDATA[Actual text from ele is :: Please enter a valid user name and password]]>
            </line>
            <line>
              <![CDATA[Error message is not matched]]>
            </line>
          </reporter-output>
        </test-method> <!-- verifyLoginWithInValidUserNameAndPassword -->
        <test-method is-config="true" signature="afterMethod()[pri:0, instance:tests.LoginTest@5656be13]" started-at="2025-03-13T06:45:49 IST" name="afterMethod" finished-at="2025-03-13T06:45:50 IST" duration-ms="109" status="PASS">
          <reporter-output>
            <line>
              <![CDATA[Browser is Closed]]>
            </line>
          </reporter-output>
        </test-method> <!-- afterMethod -->
        <test-method is-config="true" signature="afterSuite()[pri:0, instance:tests.LoginTest@5656be13]" started-at="2025-03-13T06:45:50 IST" name="afterSuite" finished-at="2025-03-13T06:45:50 IST" duration-ms="249" status="PASS">
          <reporter-output>
          </reporter-output>
        </test-method> <!-- afterSuite -->
      </class> <!-- tests.LoginTest -->
    </test> <!-- Test -->
  </suite> <!-- Suite -->
</testng-results>
